The system is: Darwin - 14.0.0 - x86_64
Compiling the C compiler identification source file "CMakeCCompilerId.c" succeeded.
Compiler:  
Build flags: 
Id flags: 

The output was:
0
=== BUILD TARGET CompilerIdC OF PROJECT CompilerIdC WITH THE DEFAULT CONFIGURATION (Debug) ===

Check dependencies
2015-03-06 16:26:28.125 xcodebuild[1014:19734] [MT] DVTAssertions: Warning in /SourceCache/IDEFrameworks/IDEFrameworks-6611/IDEFoundation/SourceControl/Model/IDESourceControlManager.m:423
Details:  Error Domain=com.apple.dt.IDESourceControlErrorDomain Code=-1 "Missing extension: public.vcs.subversion" UserInfo=0x7f93b52695b0 {NSLocalizedDescription=Missing extension: public.vcs.subversion}
Object:   <IDESourceControlManager: 0x7f93b2d073d0>
Method:   -loadRepositories
Thread:   <NSThread: 0x7f93b2c2df90>{number = 1, name = main}
Please file a bug at http://bugreport.apple.com with this warning message and any useful information you can provide.

Write auxiliary files
/bin/mkdir -p /Users/ndr/Documents/mycode/EasyCNNApp/build/CMakeFiles/3.1.3/CompilerIdC/CompilerIdC.build/Debug/CompilerIdC.build
write-file /Users/ndr/Documents/mycode/EasyCNNApp/build/CMakeFiles/3.1.3/CompilerIdC/CompilerIdC.build/Debug/CompilerIdC.build/CompilerIdC-generated-files.hmap
write-file /Users/ndr/Documents/mycode/EasyCNNApp/build/CMakeFiles/3.1.3/CompilerIdC/CompilerIdC.build/Debug/CompilerIdC.build/CompilerIdC-project-headers.hmap
write-file /Users/ndr/Documents/mycode/EasyCNNApp/build/CMakeFiles/3.1.3/CompilerIdC/CompilerIdC.build/Debug/CompilerIdC.build/CompilerIdC.hmap
write-file /Users/ndr/Documents/mycode/EasyCNNApp/build/CMakeFiles/3.1.3/CompilerIdC/CompilerIdC.build/Debug/CompilerIdC.build/CompilerIdC-all-non-framework-target-headers.hmap
write-file /Users/ndr/Documents/mycode/EasyCNNApp/build/CMakeFiles/3.1.3/CompilerIdC/CompilerIdC.build/Debug/CompilerIdC.build/CompilerIdC-own-target-headers.hmap
/bin/mkdir -p /Users/ndr/Documents/mycode/EasyCNNApp/build/CMakeFiles/3.1.3/CompilerIdC/CompilerIdC.build/Debug/CompilerIdC.build/Objects-normal/i386
write-file /Users/ndr/Documents/mycode/EasyCNNApp/build/CMakeFiles/3.1.3/CompilerIdC/CompilerIdC.build/Debug/CompilerIdC.build/Objects-normal/i386/CompilerIdC.LinkFileList
write-file /Users/ndr/Documents/mycode/EasyCNNApp/build/CMakeFiles/3.1.3/CompilerIdC/CompilerIdC.build/Debug/CompilerIdC.build/CompilerIdC-all-target-headers.hmap
write-file /Users/ndr/Documents/mycode/EasyCNNApp/build/CMakeFiles/3.1.3/CompilerIdC/CompilerIdC.build/Debug/CompilerIdC.build/Script-2C8FEB8E15DC1A1A00E56A5D.sh
chmod 0755 /Users/ndr/Documents/mycode/EasyCNNApp/build/CMakeFiles/3.1.3/CompilerIdC/CompilerIdC.build/Debug/CompilerIdC.build/Script-2C8FEB8E15DC1A1A00E56A5D.sh

CompileC CompilerIdC.build/Debug/CompilerIdC.build/Objects-normal/i386/CMakeCCompilerId.o CMakeCCompilerId.c normal i386 c com.apple.compilers.llvm.clang.1_0.compiler
    cd /Users/ndr/Documents/mycode/EasyCNNApp/build/CMakeFiles/3.1.3/CompilerIdC
    export LANG=en_US.US-ASCII
    /Applications/Xcode.app/Contents/Developer/Toolchains/XcodeDefault.xctoolchain/usr/bin/clang -x c -arch i386 -fmessage-length=0 -fdiagnostics-show-note-include-stack -fmacro-backtrace-limit=0 -Wno-trigraphs -fpascal-strings -Os -Wno-missing-field-initializers -Wno-missing-prototypes -Wno-return-type -Wno-missing-braces -Wparentheses -Wswitch -Wno-unused-function -Wno-unused-label -Wno-unused-parameter -Wno-unused-variable -Wunused-value -Wno-empty-body -Wno-uninitialized -Wno-unknown-pragmas -Wno-shadow -Wno-four-char-constants -Wno-conversion -Wno-constant-conversion -Wno-int-conversion -Wno-bool-conversion -Wno-enum-conversion -Wno-shorten-64-to-32 -Wpointer-sign -Wno-newline-eof -isysroot /Applications/Xcode.app/Contents/Developer/Platforms/MacOSX.platform/Developer/SDKs/MacOSX10.10.sdk -fasm-blocks -fstrict-aliasing -Wdeprecated-declarations -mmacosx-version-min=10.10 -g -fvisibility=hidden -Wno-sign-conversion -I/Users/ndr/Documents/mycode/EasyCNNApp/build/CMakeFiles/3.1.3/CompilerIdC/CompilerIdC.build/Debug/CompilerIdC.build/CompilerIdC.hmap -I/Users/ndr/Documents/mycode/EasyCNNApp/build/CMakeFiles/3.1.3/CompilerIdC/include -I/Applications/Xcode.app/Contents/Developer/Toolchains/XcodeDefault.xctoolchain/usr/include -I/Users/ndr/Documents/mycode/EasyCNNApp/build/CMakeFiles/3.1.3/CompilerIdC/CompilerIdC.build/Debug/CompilerIdC.build/DerivedSources/i386 -I/Users/ndr/Documents/mycode/EasyCNNApp/build/CMakeFiles/3.1.3/CompilerIdC/CompilerIdC.build/Debug/CompilerIdC.build/DerivedSources -F/Users/ndr/Documents/mycode/EasyCNNApp/build/CMakeFiles/3.1.3/CompilerIdC -MMD -MT dependencies -MF /Users/ndr/Documents/mycode/EasyCNNApp/build/CMakeFiles/3.1.3/CompilerIdC/CompilerIdC.build/Debug/CompilerIdC.build/Objects-normal/i386/CMakeCCompilerId.d --serialize-diagnostics /Users/ndr/Documents/mycode/EasyCNNApp/build/CMakeFiles/3.1.3/CompilerIdC/CompilerIdC.build/Debug/CompilerIdC.build/Objects-normal/i386/CMakeCCompilerId.dia -c /Users/ndr/Documents/mycode/EasyCNNApp/build/CMakeFiles/3.1.3/CompilerIdC/CMakeCCompilerId.c -o /Users/ndr/Documents/mycode/EasyCNNApp/build/CMakeFiles/3.1.3/CompilerIdC/CompilerIdC.build/Debug/CompilerIdC.build/Objects-normal/i386/CMakeCCompilerId.o

Ld CompilerIdC normal i386
    cd /Users/ndr/Documents/mycode/EasyCNNApp/build/CMakeFiles/3.1.3/CompilerIdC
    export MACOSX_DEPLOYMENT_TARGET=10.10
    /Applications/Xcode.app/Contents/Developer/Toolchains/XcodeDefault.xctoolchain/usr/bin/clang -arch i386 -isysroot /Applications/Xcode.app/Contents/Developer/Platforms/MacOSX.platform/Developer/SDKs/MacOSX10.10.sdk -L/Users/ndr/Documents/mycode/EasyCNNApp/build/CMakeFiles/3.1.3/CompilerIdC -F/Users/ndr/Documents/mycode/EasyCNNApp/build/CMakeFiles/3.1.3/CompilerIdC -filelist /Users/ndr/Documents/mycode/EasyCNNApp/build/CMakeFiles/3.1.3/CompilerIdC/CompilerIdC.build/Debug/CompilerIdC.build/Objects-normal/i386/CompilerIdC.LinkFileList -mmacosx-version-min=10.10 -Xlinker -dependency_info -Xlinker /Users/ndr/Documents/mycode/EasyCNNApp/build/CMakeFiles/3.1.3/CompilerIdC/CompilerIdC.build/Debug/CompilerIdC.build/Objects-normal/i386/CompilerIdC_dependency_info.dat -o /Users/ndr/Documents/mycode/EasyCNNApp/build/CMakeFiles/3.1.3/CompilerIdC/CompilerIdC

PhaseScriptExecution Run\ Script CompilerIdC.build/Debug/CompilerIdC.build/Script-2C8FEB8E15DC1A1A00E56A5D.sh
    cd /Users/ndr/Documents/mycode/EasyCNNApp/build/CMakeFiles/3.1.3/CompilerIdC
    /bin/sh -c /Users/ndr/Documents/mycode/EasyCNNApp/build/CMakeFiles/3.1.3/CompilerIdC/CompilerIdC.build/Debug/CompilerIdC.build/Script-2C8FEB8E15DC1A1A00E56A5D.sh
GCC_VERSION=com.apple.compilers.llvm.clang.1_0

** BUILD SUCCEEDED **



Compilation of the C compiler identification source "CMakeCCompilerId.c" produced "CompilerIdC"

The C compiler identification is AppleClang, found in "/Users/ndr/Documents/mycode/EasyCNNApp/build/CMakeFiles/3.1.3/CompilerIdC/CompilerIdC"

Compiling the CXX compiler identification source file "CMakeCXXCompilerId.cpp" succeeded.
Compiler:  
Build flags: 
Id flags: 

The output was:
0
=== BUILD TARGET CompilerIdCXX OF PROJECT CompilerIdCXX WITH THE DEFAULT CONFIGURATION (Debug) ===

Check dependencies

Write auxiliary files
/bin/mkdir -p /Users/ndr/Documents/mycode/EasyCNNApp/build/CMakeFiles/3.1.3/CompilerIdCXX/CompilerIdCXX.build/Debug/CompilerIdCXX.build/Objects-normal/i386
write-file /Users/ndr/Documents/mycode/EasyCNNApp/build/CMakeFiles/3.1.3/CompilerIdCXX/CompilerIdCXX.build/Debug/CompilerIdCXX.build/Objects-normal/i386/CompilerIdCXX.LinkFileList
write-file /Users/ndr/Documents/mycode/EasyCNNApp/build/CMakeFiles/3.1.3/CompilerIdCXX/CompilerIdCXX.build/Debug/CompilerIdCXX.build/CompilerIdCXX-own-target-headers.hmap
write-file /Users/ndr/Documents/mycode/EasyCNNApp/build/CMakeFiles/3.1.3/CompilerIdCXX/CompilerIdCXX.build/Debug/CompilerIdCXX.build/CompilerIdCXX.hmap
write-file /Users/ndr/Documents/mycode/EasyCNNApp/build/CMakeFiles/3.1.3/CompilerIdCXX/CompilerIdCXX.build/Debug/CompilerIdCXX.build/CompilerIdCXX-generated-files.hmap
write-file /Users/ndr/Documents/mycode/EasyCNNApp/build/CMakeFiles/3.1.3/CompilerIdCXX/CompilerIdCXX.build/Debug/CompilerIdCXX.build/Script-2C8FEB8E15DC1A1A00E56A5D.sh
chmod 0755 /Users/ndr/Documents/mycode/EasyCNNApp/build/CMakeFiles/3.1.3/CompilerIdCXX/CompilerIdCXX.build/Debug/CompilerIdCXX.build/Script-2C8FEB8E15DC1A1A00E56A5D.sh
write-file /Users/ndr/Documents/mycode/EasyCNNApp/build/CMakeFiles/3.1.3/CompilerIdCXX/CompilerIdCXX.build/Debug/CompilerIdCXX.build/CompilerIdCXX-all-non-framework-target-headers.hmap
write-file /Users/ndr/Documents/mycode/EasyCNNApp/build/CMakeFiles/3.1.3/CompilerIdCXX/CompilerIdCXX.build/Debug/CompilerIdCXX.build/CompilerIdCXX-project-headers.hmap
write-file /Users/ndr/Documents/mycode/EasyCNNApp/build/CMakeFiles/3.1.3/CompilerIdCXX/CompilerIdCXX.build/Debug/CompilerIdCXX.build/CompilerIdCXX-all-target-headers.hmap

CompileC CompilerIdCXX.build/Debug/CompilerIdCXX.build/Objects-normal/i386/CMakeCXXCompilerId.o CMakeCXXCompilerId.cpp normal i386 c++ com.apple.compilers.llvm.clang.1_0.compiler
    cd /Users/ndr/Documents/mycode/EasyCNNApp/build/CMakeFiles/3.1.3/CompilerIdCXX
    export LANG=en_US.US-ASCII
    /Applications/Xcode.app/Contents/Developer/Toolchains/XcodeDefault.xctoolchain/usr/bin/clang -x c++ -arch i386 -fmessage-length=0 -fdiagnostics-show-note-include-stack -fmacro-backtrace-limit=0 -Wno-trigraphs -fpascal-strings -Os -Wno-missing-field-initializers -Wno-missing-prototypes -Wno-return-type -Wno-non-virtual-dtor -Wno-overloaded-virtual -Wno-exit-time-destructors -Wno-missing-braces -Wparentheses -Wswitch -Wno-unused-function -Wno-unused-label -Wno-unused-parameter -Wno-unused-variable -Wunused-value -Wno-empty-body -Wno-uninitialized -Wno-unknown-pragmas -Wno-shadow -Wno-four-char-constants -Wno-conversion -Wno-constant-conversion -Wno-int-conversion -Wno-bool-conversion -Wno-enum-conversion -Wno-shorten-64-to-32 -Wno-newline-eof -Wno-c++11-extensions -isysroot /Applications/Xcode.app/Contents/Developer/Platforms/MacOSX.platform/Developer/SDKs/MacOSX10.10.sdk -fasm-blocks -fstrict-aliasing -Wdeprecated-declarations -Winvalid-offsetof -mmacosx-version-min=10.10 -g -fvisibility=hidden -fvisibility-inlines-hidden -Wno-sign-conversion -I/Users/ndr/Documents/mycode/EasyCNNApp/build/CMakeFiles/3.1.3/CompilerIdCXX/CompilerIdCXX.build/Debug/CompilerIdCXX.build/CompilerIdCXX.hmap -I/Users/ndr/Documents/mycode/EasyCNNApp/build/CMakeFiles/3.1.3/CompilerIdCXX/include -I/Applications/Xcode.app/Contents/Developer/Toolchains/XcodeDefault.xctoolchain/usr/include -I/Users/ndr/Documents/mycode/EasyCNNApp/build/CMakeFiles/3.1.3/CompilerIdCXX/CompilerIdCXX.build/Debug/CompilerIdCXX.build/DerivedSources/i386 -I/Users/ndr/Documents/mycode/EasyCNNApp/build/CMakeFiles/3.1.3/CompilerIdCXX/CompilerIdCXX.build/Debug/CompilerIdCXX.build/DerivedSources -F/Users/ndr/Documents/mycode/EasyCNNApp/build/CMakeFiles/3.1.3/CompilerIdCXX -MMD -MT dependencies -MF /Users/ndr/Documents/mycode/EasyCNNApp/build/CMakeFiles/3.1.3/CompilerIdCXX/CompilerIdCXX.build/Debug/CompilerIdCXX.build/Objects-normal/i386/CMakeCXXCompilerId.d --serialize-diagnostics /Users/ndr/Documents/mycode/EasyCNNApp/build/CMakeFiles/3.1.3/CompilerIdCXX/CompilerIdCXX.build/Debug/CompilerIdCXX.build/Objects-normal/i386/CMakeCXXCompilerId.dia -c /Users/ndr/Documents/mycode/EasyCNNApp/build/CMakeFiles/3.1.3/CompilerIdCXX/CMakeCXXCompilerId.cpp -o /Users/ndr/Documents/mycode/EasyCNNApp/build/CMakeFiles/3.1.3/CompilerIdCXX/CompilerIdCXX.build/Debug/CompilerIdCXX.build/Objects-normal/i386/CMakeCXXCompilerId.o

Ld CompilerIdCXX normal i386
    cd /Users/ndr/Documents/mycode/EasyCNNApp/build/CMakeFiles/3.1.3/CompilerIdCXX
    export MACOSX_DEPLOYMENT_TARGET=10.10
    /Applications/Xcode.app/Contents/Developer/Toolchains/XcodeDefault.xctoolchain/usr/bin/clang++ -arch i386 -isysroot /Applications/Xcode.app/Contents/Developer/Platforms/MacOSX.platform/Developer/SDKs/MacOSX10.10.sdk -L/Users/ndr/Documents/mycode/EasyCNNApp/build/CMakeFiles/3.1.3/CompilerIdCXX -F/Users/ndr/Documents/mycode/EasyCNNApp/build/CMakeFiles/3.1.3/CompilerIdCXX -filelist /Users/ndr/Documents/mycode/EasyCNNApp/build/CMakeFiles/3.1.3/CompilerIdCXX/CompilerIdCXX.build/Debug/CompilerIdCXX.build/Objects-normal/i386/CompilerIdCXX.LinkFileList -mmacosx-version-min=10.10 -Xlinker -dependency_info -Xlinker /Users/ndr/Documents/mycode/EasyCNNApp/build/CMakeFiles/3.1.3/CompilerIdCXX/CompilerIdCXX.build/Debug/CompilerIdCXX.build/Objects-normal/i386/CompilerIdCXX_dependency_info.dat -o /Users/ndr/Documents/mycode/EasyCNNApp/build/CMakeFiles/3.1.3/CompilerIdCXX/CompilerIdCXX
2015-03-06 16:26:28.927 xcodebuild[1025:19801] [MT] DVTAssertions: Warning in /SourceCache/IDEFrameworks/IDEFrameworks-6611/IDEFoundation/SourceControl/Model/IDESourceControlManager.m:423
Details:  Error Domain=com.apple.dt.IDESourceControlErrorDomain Code=-1 "Missing extension: public.vcs.subversion" UserInfo=0x7fcac874a190 {NSLocalizedDescription=Missing extension: public.vcs.subversion}
Object:   <IDESourceControlManager: 0x7fcaca9a2de0>
Method:   -loadRepositories
Thread:   <NSThread: 0x7fcac842df90>{number = 1, name = main}
Please file a bug at http://bugreport.apple.com with this warning message and any useful information you can provide.

PhaseScriptExecution Run\ Script CompilerIdCXX.build/Debug/CompilerIdCXX.build/Script-2C8FEB8E15DC1A1A00E56A5D.sh
    cd /Users/ndr/Documents/mycode/EasyCNNApp/build/CMakeFiles/3.1.3/CompilerIdCXX
    /bin/sh -c /Users/ndr/Documents/mycode/EasyCNNApp/build/CMakeFiles/3.1.3/CompilerIdCXX/CompilerIdCXX.build/Debug/CompilerIdCXX.build/Script-2C8FEB8E15DC1A1A00E56A5D.sh
GCC_VERSION=com.apple.compilers.llvm.clang.1_0

** BUILD SUCCEEDED **



Compilation of the CXX compiler identification source "CMakeCXXCompilerId.cpp" produced "CompilerIdCXX"

The CXX compiler identification is AppleClang, found in "/Users/ndr/Documents/mycode/EasyCNNApp/build/CMakeFiles/3.1.3/CompilerIdCXX/CompilerIdCXX"

Determining if the C compiler works passed with the following output:
Change Dir: /Users/ndr/Documents/mycode/EasyCNNApp/build/CMakeFiles/CMakeTmp

Run Build Command:"/opt/local/bin/cmakexbuild" "-project" "CMAKE_TRY_COMPILE.xcodeproj" "build" "-target" "cmTryCompileExec1492817362" "-configuration" "Debug"
=== BUILD TARGET cmTryCompileExec1492817362 OF PROJECT CMAKE_TRY_COMPILE WITH CONFIGURATION Debug ===

Check dependencies

Write auxiliary files
/bin/mkdir -p /Users/ndr/Documents/mycode/EasyCNNApp/build/CMakeFiles/CMakeTmp/CMAKE_TRY_COMPILE.build/Debug/cmTryCompileExec1492817362.build/Objects-normal/x86_64
write-file /Users/ndr/Documents/mycode/EasyCNNApp/build/CMakeFiles/CMakeTmp/CMAKE_TRY_COMPILE.build/Debug/cmTryCompileExec1492817362.build/Objects-normal/x86_64/cmTryCompileExec1492817362.LinkFileList

CompileC CMAKE_TRY_COMPILE.build/Debug/cmTryCompileExec1492817362.build/Objects-normal/x86_64/testCCompiler.o testCCompiler.c normal x86_64 c com.apple.compilers.llvm.clang.1_0.compiler
    cd /Users/ndr/Documents/mycode/EasyCNNApp/build/CMakeFiles/CMakeTmp
    export LANG=en_US.US-ASCII
    /Applications/Xcode.app/Contents/Developer/Toolchains/XcodeDefault.xctoolchain/usr/bin/clang -x c -arch x86_64 -fmessage-length=0 -fdiagnostics-show-note-include-stack -fmacro-backtrace-limit=0 -Wno-trigraphs -fpascal-strings -O0 -Wno-missing-field-initializers -Wno-missing-prototypes -Wno-return-type -Wno-missing-braces -Wparentheses -Wswitch -Wno-unused-function -Wno-unused-label -Wno-unused-parameter -Wno-unused-variable -Wunused-value -Wno-empty-body -Wno-uninitialized -Wno-unknown-pragmas -Wno-shadow -Wno-four-char-constants -Wno-conversion -Wno-constant-conversion -Wno-int-conversion -Wno-bool-conversion -Wno-enum-conversion -Wno-shorten-64-to-32 -Wpointer-sign -Wno-newline-eof -DCMAKE_INTDIR=\"Debug\" -isysroot /Applications/Xcode.app/Contents/Developer/Platforms/MacOSX.platform/Developer/SDKs/MacOSX10.10.sdk -fasm-blocks -fstrict-aliasing -Wdeprecated-declarations -mmacosx-version-min=10.10 -g -Wno-sign-conversion -I/Users/ndr/Documents/mycode/EasyCNNApp/build/CMakeFiles/CMakeTmp/Debug/include -I/Applications/Xcode.app/Contents/Developer/Toolchains/XcodeDefault.xctoolchain/usr/include -I/Users/ndr/Documents/mycode/EasyCNNApp/build/CMakeFiles/CMakeTmp/CMAKE_TRY_COMPILE.build/Debug/cmTryCompileExec1492817362.build/DerivedSources/x86_64 -I/Users/ndr/Documents/mycode/EasyCNNApp/build/CMakeFiles/CMakeTmp/CMAKE_TRY_COMPILE.build/Debug/cmTryCompileExec1492817362.build/DerivedSources -Wmost -Wno-four-char-constants -Wno-unknown-pragmas -F/Users/ndr/Documents/mycode/EasyCNNApp/build/CMakeFiles/CMakeTmp/Debug -MMD -MT dependencies -MF /Users/ndr/Documents/mycode/EasyCNNApp/build/CMakeFiles/CMakeTmp/CMAKE_TRY_COMPILE.build/Debug/cmTryCompileExec1492817362.build/Objects-normal/x86_64/testCCompiler.d --serialize-diagnostics /Users/ndr/Documents/mycode/EasyCNNApp/build/CMakeFiles/CMakeTmp/CMAKE_TRY_COMPILE.build/Debug/cmTryCompileExec1492817362.build/Objects-normal/x86_64/testCCompiler.dia -c /Users/ndr/Documents/mycode/EasyCNNApp/build/CMakeFiles/CMakeTmp/testCCompiler.c -o /Users/ndr/Documents/mycode/EasyCNNApp/build/CMakeFiles/CMakeTmp/CMAKE_TRY_COMPILE.build/Debug/cmTryCompileExec1492817362.build/Objects-normal/x86_64/testCCompiler.o

Ld Debug/cmTryCompileExec1492817362 normal x86_64
    cd /Users/ndr/Documents/mycode/EasyCNNApp/build/CMakeFiles/CMakeTmp
    export MACOSX_DEPLOYMENT_TARGET=10.10
    /Applications/Xcode.app/Contents/Developer/Toolchains/XcodeDefault.xctoolchain/usr/bin/clang -arch x86_64 -isysroot /Applications/Xcode.app/Contents/Developer/Platforms/MacOSX.platform/Developer/SDKs/MacOSX10.10.sdk -L/Users/ndr/Documents/mycode/EasyCNNApp/build/CMakeFiles/CMakeTmp/Debug -F/Users/ndr/Documents/mycode/EasyCNNApp/build/CMakeFiles/CMakeTmp/Debug -filelist /Users/ndr/Documents/mycode/EasyCNNApp/build/CMakeFiles/CMakeTmp/CMAKE_TRY_COMPILE.build/Debug/cmTryCompileExec1492817362.build/Objects-normal/x86_64/cmTryCompileExec1492817362.LinkFileList -mmacosx-version-min=10.10 -Wl,-search_paths_first -Wl,-headerpad_max_install_names -Xlinker -dependency_info -Xlinker /Users/ndr/Documents/mycode/EasyCNNApp/build/CMakeFiles/CMakeTmp/CMAKE_TRY_COMPILE.build/Debug/cmTryCompileExec1492817362.build/Objects-normal/x86_64/cmTryCompileExec1492817362_dependency_info.dat -o /Users/ndr/Documents/mycode/EasyCNNApp/build/CMakeFiles/CMakeTmp/Debug/cmTryCompileExec1492817362

** BUILD SUCCEEDED **



Detecting C compiler ABI info compiled with the following output:
Change Dir: /Users/ndr/Documents/mycode/EasyCNNApp/build/CMakeFiles/CMakeTmp

Run Build Command:"/opt/local/bin/cmakexbuild" "-project" "CMAKE_TRY_COMPILE.xcodeproj" "build" "-target" "cmTryCompileExec806196913" "-configuration" "Debug"
=== BUILD TARGET cmTryCompileExec806196913 OF PROJECT CMAKE_TRY_COMPILE WITH CONFIGURATION Debug ===

Check dependencies

Write auxiliary files
/bin/mkdir -p /Users/ndr/Documents/mycode/EasyCNNApp/build/CMakeFiles/CMakeTmp/CMAKE_TRY_COMPILE.build/Debug/cmTryCompileExec806196913.build/Objects-normal/x86_64
write-file /Users/ndr/Documents/mycode/EasyCNNApp/build/CMakeFiles/CMakeTmp/CMAKE_TRY_COMPILE.build/Debug/cmTryCompileExec806196913.build/Objects-normal/x86_64/cmTryCompileExec806196913.LinkFileList

CompileC CMAKE_TRY_COMPILE.build/Debug/cmTryCompileExec806196913.build/Objects-normal/x86_64/CMakeCCompilerABI.o /opt/local/share/cmake-3.1/Modules/CMakeCCompilerABI.c normal x86_64 c com.apple.compilers.llvm.clang.1_0.compiler
    cd /Users/ndr/Documents/mycode/EasyCNNApp/build/CMakeFiles/CMakeTmp
    export LANG=en_US.US-ASCII
    /Applications/Xcode.app/Contents/Developer/Toolchains/XcodeDefault.xctoolchain/usr/bin/clang -x c -arch x86_64 -fmessage-length=0 -fdiagnostics-show-note-include-stack -fmacro-backtrace-limit=0 -Wno-trigraphs -fpascal-strings -O0 -Wno-missing-field-initializers -Wno-missing-prototypes -Wno-return-type -Wno-missing-braces -Wparentheses -Wswitch -Wno-unused-function -Wno-unused-label -Wno-unused-parameter -Wno-unused-variable -Wunused-value -Wno-empty-body -Wno-uninitialized -Wno-unknown-pragmas -Wno-shadow -Wno-four-char-constants -Wno-conversion -Wno-constant-conversion -Wno-int-conversion -Wno-bool-conversion -Wno-enum-conversion -Wno-shorten-64-to-32 -Wpointer-sign -Wno-newline-eof -DCMAKE_INTDIR=\"Debug\" -isysroot /Applications/Xcode.app/Contents/Developer/Platforms/MacOSX.platform/Developer/SDKs/MacOSX10.10.sdk -fasm-blocks -fstrict-aliasing -Wdeprecated-declarations -mmacosx-version-min=10.10 -g -Wno-sign-conversion -I/Users/ndr/Documents/mycode/EasyCNNApp/build/CMakeFiles/CMakeTmp/Debug/include -I/Applications/Xcode.app/Contents/Developer/Toolchains/XcodeDefault.xctoolchain/usr/include -I/Users/ndr/Documents/mycode/EasyCNNApp/build/CMakeFiles/CMakeTmp/CMAKE_TRY_COMPILE.build/Debug/cmTryCompileExec806196913.build/DerivedSources/x86_64 -I/Users/ndr/Documents/mycode/EasyCNNApp/build/CMakeFiles/CMakeTmp/CMAKE_TRY_COMPILE.build/Debug/cmTryCompileExec806196913.build/DerivedSources -Wmost -Wno-four-char-constants -Wno-unknown-pragmas -F/Users/ndr/Documents/mycode/EasyCNNApp/build/CMakeFiles/CMakeTmp/Debug -MMD -MT dependencies -MF /Users/ndr/Documents/mycode/EasyCNNApp/build/CMakeFiles/CMakeTmp/CMAKE_TRY_COMPILE.build/Debug/cmTryCompileExec806196913.build/Objects-normal/x86_64/CMakeCCompilerABI.d --serialize-diagnostics /Users/ndr/Documents/mycode/EasyCNNApp/build/CMakeFiles/CMakeTmp/CMAKE_TRY_COMPILE.build/Debug/cmTryCompileExec806196913.build/Objects-normal/x86_64/CMakeCCompilerABI.dia -c /opt/local/share/cmake-3.1/Modules/CMakeCCompilerABI.c -o /Users/ndr/Documents/mycode/EasyCNNApp/build/CMakeFiles/CMakeTmp/CMAKE_TRY_COMPILE.build/Debug/cmTryCompileExec806196913.build/Objects-normal/x86_64/CMakeCCompilerABI.o

Ld Debug/cmTryCompileExec806196913 normal x86_64
    cd /Users/ndr/Documents/mycode/EasyCNNApp/build/CMakeFiles/CMakeTmp
    export MACOSX_DEPLOYMENT_TARGET=10.10
    /Applications/Xcode.app/Contents/Developer/Toolchains/XcodeDefault.xctoolchain/usr/bin/clang -arch x86_64 -isysroot /Applications/Xcode.app/Contents/Developer/Platforms/MacOSX.platform/Developer/SDKs/MacOSX10.10.sdk -L/Users/ndr/Documents/mycode/EasyCNNApp/build/CMakeFiles/CMakeTmp/Debug -F/Users/ndr/Documents/mycode/EasyCNNApp/build/CMakeFiles/CMakeTmp/Debug -filelist /Users/ndr/Documents/mycode/EasyCNNApp/build/CMakeFiles/CMakeTmp/CMAKE_TRY_COMPILE.build/Debug/cmTryCompileExec806196913.build/Objects-normal/x86_64/cmTryCompileExec806196913.LinkFileList -mmacosx-version-min=10.10 -v -Wl,-v -Wl,-search_paths_first -Wl,-headerpad_max_install_names -Xlinker -dependency_info -Xlinker /Users/ndr/Documents/mycode/EasyCNNApp/build/CMakeFiles/CMakeTmp/CMAKE_TRY_COMPILE.build/Debug/cmTryCompileExec806196913.build/Objects-normal/x86_64/cmTryCompileExec806196913_dependency_info.dat -o /Users/ndr/Documents/mycode/EasyCNNApp/build/CMakeFiles/CMakeTmp/Debug/cmTryCompileExec806196913
Apple LLVM version 6.0 (clang-600.0.56) (based on LLVM 3.5svn)
Target: x86_64-apple-darwin14.0.0
Thread model: posix
 "/Applications/Xcode.app/Contents/Developer/Toolchains/XcodeDefault.xctoolchain/usr/bin/ld" -demangle -dynamic -arch x86_64 -macosx_version_min 10.10.0 -syslibroot /Applications/Xcode.app/Contents/Developer/Platforms/MacOSX.platform/Developer/SDKs/MacOSX10.10.sdk -o /Users/ndr/Documents/mycode/EasyCNNApp/build/CMakeFiles/CMakeTmp/Debug/cmTryCompileExec806196913 -L/Users/ndr/Documents/mycode/EasyCNNApp/build/CMakeFiles/CMakeTmp/Debug -filelist /Users/ndr/Documents/mycode/EasyCNNApp/build/CMakeFiles/CMakeTmp/CMAKE_TRY_COMPILE.build/Debug/cmTryCompileExec806196913.build/Objects-normal/x86_64/cmTryCompileExec806196913.LinkFileList -v -search_paths_first -headerpad_max_install_names -dependency_info /Users/ndr/Documents/mycode/EasyCNNApp/build/CMakeFiles/CMakeTmp/CMAKE_TRY_COMPILE.build/Debug/cmTryCompileExec806196913.build/Objects-normal/x86_64/cmTryCompileExec806196913_dependency_info.dat -lSystem /Applications/Xcode.app/Contents/Developer/Toolchains/XcodeDefault.xctoolchain/usr/bin/../lib/clang/6.0/lib/darwin/libclang_rt.osx.a -F/Users/ndr/Documents/mycode/EasyCNNApp/build/CMakeFiles/CMakeTmp/Debug
@(#)PROGRAM:ld  PROJECT:ld64-241.9
configured to support archs: armv6 armv7 armv7s arm64 i386 x86_64 x86_64h armv6m armv7m armv7em
Library search paths:
	/Users/ndr/Documents/mycode/EasyCNNApp/build/CMakeFiles/CMakeTmp/Debug
	/Applications/Xcode.app/Contents/Developer/Platforms/MacOSX.platform/Developer/SDKs/MacOSX10.10.sdk/usr/lib
Framework search paths:
	/Users/ndr/Documents/mycode/EasyCNNApp/build/CMakeFiles/CMakeTmp/Debug
	/Applications/Xcode.app/Contents/Developer/Platforms/MacOSX.platform/Developer/SDKs/MacOSX10.10.sdk/System/Library/Frameworks/

** BUILD SUCCEEDED **



Parsed C implicit link information from above output:
  link line regex: [^( *|.*[/\])(ld|([^/\]+-)?ld|collect2)[^/\]*( |$)]
  ignore line: [Change Dir: /Users/ndr/Documents/mycode/EasyCNNApp/build/CMakeFiles/CMakeTmp]
  ignore line: []
  ignore line: [Run Build Command:"/opt/local/bin/cmakexbuild" "-project" "CMAKE_TRY_COMPILE.xcodeproj" "build" "-target" "cmTryCompileExec806196913" "-configuration" "Debug"]
  ignore line: [=== BUILD TARGET cmTryCompileExec806196913 OF PROJECT CMAKE_TRY_COMPILE WITH CONFIGURATION Debug ===]
  ignore line: []
  ignore line: [Check dependencies]
  ignore line: []
  ignore line: [Write auxiliary files]
  ignore line: [/bin/mkdir -p /Users/ndr/Documents/mycode/EasyCNNApp/build/CMakeFiles/CMakeTmp/CMAKE_TRY_COMPILE.build/Debug/cmTryCompileExec806196913.build/Objects-normal/x86_64]
  ignore line: [write-file /Users/ndr/Documents/mycode/EasyCNNApp/build/CMakeFiles/CMakeTmp/CMAKE_TRY_COMPILE.build/Debug/cmTryCompileExec806196913.build/Objects-normal/x86_64/cmTryCompileExec806196913.LinkFileList]
  ignore line: []
  ignore line: [CompileC CMAKE_TRY_COMPILE.build/Debug/cmTryCompileExec806196913.build/Objects-normal/x86_64/CMakeCCompilerABI.o /opt/local/share/cmake-3.1/Modules/CMakeCCompilerABI.c normal x86_64 c com.apple.compilers.llvm.clang.1_0.compiler]
  ignore line: [    cd /Users/ndr/Documents/mycode/EasyCNNApp/build/CMakeFiles/CMakeTmp]
  ignore line: [    export LANG=en_US.US-ASCII]
  ignore line: [    /Applications/Xcode.app/Contents/Developer/Toolchains/XcodeDefault.xctoolchain/usr/bin/clang -x c -arch x86_64 -fmessage-length=0 -fdiagnostics-show-note-include-stack -fmacro-backtrace-limit=0 -Wno-trigraphs -fpascal-strings -O0 -Wno-missing-field-initializers -Wno-missing-prototypes -Wno-return-type -Wno-missing-braces -Wparentheses -Wswitch -Wno-unused-function -Wno-unused-label -Wno-unused-parameter -Wno-unused-variable -Wunused-value -Wno-empty-body -Wno-uninitialized -Wno-unknown-pragmas -Wno-shadow -Wno-four-char-constants -Wno-conversion -Wno-constant-conversion -Wno-int-conversion -Wno-bool-conversion -Wno-enum-conversion -Wno-shorten-64-to-32 -Wpointer-sign -Wno-newline-eof -DCMAKE_INTDIR=\"Debug\" -isysroot /Applications/Xcode.app/Contents/Developer/Platforms/MacOSX.platform/Developer/SDKs/MacOSX10.10.sdk -fasm-blocks -fstrict-aliasing -Wdeprecated-declarations -mmacosx-version-min=10.10 -g -Wno-sign-conversion -I/Users/ndr/Documents/mycode/EasyCNNApp/build/CMakeFiles/CMakeTmp/Debug/include -I/Applications/Xcode.app/Contents/Developer/Toolchains/XcodeDefault.xctoolchain/usr/include -I/Users/ndr/Documents/mycode/EasyCNNApp/build/CMakeFiles/CMakeTmp/CMAKE_TRY_COMPILE.build/Debug/cmTryCompileExec806196913.build/DerivedSources/x86_64 -I/Users/ndr/Documents/mycode/EasyCNNApp/build/CMakeFiles/CMakeTmp/CMAKE_TRY_COMPILE.build/Debug/cmTryCompileExec806196913.build/DerivedSources -Wmost -Wno-four-char-constants -Wno-unknown-pragmas -F/Users/ndr/Documents/mycode/EasyCNNApp/build/CMakeFiles/CMakeTmp/Debug -MMD -MT dependencies -MF /Users/ndr/Documents/mycode/EasyCNNApp/build/CMakeFiles/CMakeTmp/CMAKE_TRY_COMPILE.build/Debug/cmTryCompileExec806196913.build/Objects-normal/x86_64/CMakeCCompilerABI.d --serialize-diagnostics /Users/ndr/Documents/mycode/EasyCNNApp/build/CMakeFiles/CMakeTmp/CMAKE_TRY_COMPILE.build/Debug/cmTryCompileExec806196913.build/Objects-normal/x86_64/CMakeCCompilerABI.dia -c /opt/local/share/cmake-3.1/Modules/CMakeCCompilerABI.c -o /Users/ndr/Documents/mycode/EasyCNNApp/build/CMakeFiles/CMakeTmp/CMAKE_TRY_COMPILE.build/Debug/cmTryCompileExec806196913.build/Objects-normal/x86_64/CMakeCCompilerABI.o]
  ignore line: []
  ignore line: [Ld Debug/cmTryCompileExec806196913 normal x86_64]
  ignore line: [    cd /Users/ndr/Documents/mycode/EasyCNNApp/build/CMakeFiles/CMakeTmp]
  ignore line: [    export MACOSX_DEPLOYMENT_TARGET=10.10]
  ignore line: [    /Applications/Xcode.app/Contents/Developer/Toolchains/XcodeDefault.xctoolchain/usr/bin/clang -arch x86_64 -isysroot /Applications/Xcode.app/Contents/Developer/Platforms/MacOSX.platform/Developer/SDKs/MacOSX10.10.sdk -L/Users/ndr/Documents/mycode/EasyCNNApp/build/CMakeFiles/CMakeTmp/Debug -F/Users/ndr/Documents/mycode/EasyCNNApp/build/CMakeFiles/CMakeTmp/Debug -filelist /Users/ndr/Documents/mycode/EasyCNNApp/build/CMakeFiles/CMakeTmp/CMAKE_TRY_COMPILE.build/Debug/cmTryCompileExec806196913.build/Objects-normal/x86_64/cmTryCompileExec806196913.LinkFileList -mmacosx-version-min=10.10 -v -Wl,-v -Wl,-search_paths_first -Wl,-headerpad_max_install_names -Xlinker -dependency_info -Xlinker /Users/ndr/Documents/mycode/EasyCNNApp/build/CMakeFiles/CMakeTmp/CMAKE_TRY_COMPILE.build/Debug/cmTryCompileExec806196913.build/Objects-normal/x86_64/cmTryCompileExec806196913_dependency_info.dat -o /Users/ndr/Documents/mycode/EasyCNNApp/build/CMakeFiles/CMakeTmp/Debug/cmTryCompileExec806196913]
  ignore line: [Apple LLVM version 6.0 (clang-600.0.56) (based on LLVM 3.5svn)]
  ignore line: [Target: x86_64-apple-darwin14.0.0]
  ignore line: [Thread model: posix]
  reduced line: [ "/Applications/Xcode.app/Contents/Developer/Toolchains/XcodeDefault.xctoolchain/usr/bin/ld" -demangle -dynamic -arch x86_64 -macosx_version_min 10.10.0 -syslibroot /Applications/Xcode.app/Contents/Developer/Platforms/MacOSX.platform/Developer/SDKs/MacOSX10.10.sdk -o /Users/ndr/Documents/mycode/EasyCNNApp/build/CMakeFiles/CMakeTmp/Debug/cmTryCompileExec806196913 -L/Users/ndr/Documents/mycode/EasyCNNApp/build/CMakeFiles/CMakeTmp/Debug -filelist /Users/ndr/Documents/mycode/EasyCNNApp/build/CMakeFiles/CMakeTmp/CMAKE_TRY_COMPILE.build/Debug/cmTryCompileExec806196913.build/Objects-normal/x86_64/cmTryCompileExec806196913.LinkFileList -v -search_paths_first -headerpad_max_install_names -dependency_info /Users/ndr/Documents/mycode/EasyCNNApp/build/CMakeFiles/CMakeTmp/CMAKE_TRY_COMPILE.build/Debug/cmTryCompileExec806196913.build/Objects-normal/x86_64/cmTryCompileExec806196913_dependency_info.dat -lSystem /Applications/Xcode.app/Contents/Developer/Toolchains/XcodeDefault.xctoolchain/usr/bin/../lib/clang/6.0/lib/darwin/libclang_rt.osx.a -F/Users/ndr/Documents/mycode/EasyCNNApp/build/CMakeFiles/CMakeTmp/Debug]
            to: [ "/Applications/Xcode.app/Contents/Developer/Toolchains/XcodeDefault.xctoolchain/usr/bin/ld" -demangle -dynamic -arch x86_64 -macosx_version_min 10.10.0 -syslibroot /Applications/Xcode.app/Contents/Developer/Platforms/MacOSX.platform/Developer/SDKs/MacOSX10.10.sdk -o /Users/ndr/Documents/mycode/EasyCNNApp/build/CMakeFiles/CMakeTmp/Debug/cmTryCompileExec806196913 -filelist /Users/ndr/Documents/mycode/EasyCNNApp/build/CMakeFiles/CMakeTmp/CMAKE_TRY_COMPILE.build/Debug/cmTryCompileExec806196913.build/Objects-normal/x86_64/cmTryCompileExec806196913.LinkFileList -v -search_paths_first -headerpad_max_install_names -dependency_info /Users/ndr/Documents/mycode/EasyCNNApp/build/CMakeFiles/CMakeTmp/CMAKE_TRY_COMPILE.build/Debug/cmTryCompileExec806196913.build/Objects-normal/x86_64/cmTryCompileExec806196913_dependency_info.dat -lSystem /Applications/Xcode.app/Contents/Developer/Toolchains/XcodeDefault.xctoolchain/usr/bin/../lib/clang/6.0/lib/darwin/libclang_rt.osx.a ]
  link line: [ "/Applications/Xcode.app/Contents/Developer/Toolchains/XcodeDefault.xctoolchain/usr/bin/ld" -demangle -dynamic -arch x86_64 -macosx_version_min 10.10.0 -syslibroot /Applications/Xcode.app/Contents/Developer/Platforms/MacOSX.platform/Developer/SDKs/MacOSX10.10.sdk -o /Users/ndr/Documents/mycode/EasyCNNApp/build/CMakeFiles/CMakeTmp/Debug/cmTryCompileExec806196913 -filelist /Users/ndr/Documents/mycode/EasyCNNApp/build/CMakeFiles/CMakeTmp/CMAKE_TRY_COMPILE.build/Debug/cmTryCompileExec806196913.build/Objects-normal/x86_64/cmTryCompileExec806196913.LinkFileList -v -search_paths_first -headerpad_max_install_names -dependency_info /Users/ndr/Documents/mycode/EasyCNNApp/build/CMakeFiles/CMakeTmp/CMAKE_TRY_COMPILE.build/Debug/cmTryCompileExec806196913.build/Objects-normal/x86_64/cmTryCompileExec806196913_dependency_info.dat -lSystem /Applications/Xcode.app/Contents/Developer/Toolchains/XcodeDefault.xctoolchain/usr/bin/../lib/clang/6.0/lib/darwin/libclang_rt.osx.a ]
    arg [/Applications/Xcode.app/Contents/Developer/Toolchains/XcodeDefault.xctoolchain/usr/bin/ld] ==> ignore
    arg [-demangle] ==> ignore
    arg [-dynamic] ==> ignore
    arg [-arch] ==> ignore
    arg [x86_64] ==> ignore
    arg [-macosx_version_min] ==> ignore
    arg [10.10.0] ==> ignore
    arg [-syslibroot] ==> ignore
    arg [/Applications/Xcode.app/Contents/Developer/Platforms/MacOSX.platform/Developer/SDKs/MacOSX10.10.sdk] ==> ignore
    arg [-o] ==> ignore
    arg [/Users/ndr/Documents/mycode/EasyCNNApp/build/CMakeFiles/CMakeTmp/Debug/cmTryCompileExec806196913] ==> ignore
    arg [-filelist] ==> ignore
    arg [/Users/ndr/Documents/mycode/EasyCNNApp/build/CMakeFiles/CMakeTmp/CMAKE_TRY_COMPILE.build/Debug/cmTryCompileExec806196913.build/Objects-normal/x86_64/cmTryCompileExec806196913.LinkFileList] ==> ignore
    arg [-v] ==> ignore
    arg [-search_paths_first] ==> ignore
    arg [-headerpad_max_install_names] ==> ignore
    arg [-dependency_info] ==> ignore
    arg [/Users/ndr/Documents/mycode/EasyCNNApp/build/CMakeFiles/CMakeTmp/CMAKE_TRY_COMPILE.build/Debug/cmTryCompileExec806196913.build/Objects-normal/x86_64/cmTryCompileExec806196913_dependency_info.dat] ==> ignore
    arg [-lSystem] ==> lib [System]
    arg [/Applications/Xcode.app/Contents/Developer/Toolchains/XcodeDefault.xctoolchain/usr/bin/../lib/clang/6.0/lib/darwin/libclang_rt.osx.a] ==> lib [/Applications/Xcode.app/Contents/Developer/Toolchains/XcodeDefault.xctoolchain/usr/bin/../lib/clang/6.0/lib/darwin/libclang_rt.osx.a]
  Library search paths: [;/Users/ndr/Documents/mycode/EasyCNNApp/build/CMakeFiles/CMakeTmp/Debug;/Applications/Xcode.app/Contents/Developer/Platforms/MacOSX.platform/Developer/SDKs/MacOSX10.10.sdk/usr/lib]
  Framework search paths: [;/Users/ndr/Documents/mycode/EasyCNNApp/build/CMakeFiles/CMakeTmp/Debug;/Applications/Xcode.app/Contents/Developer/Platforms/MacOSX.platform/Developer/SDKs/MacOSX10.10.sdk/System/Library/Frameworks/]
  remove lib [System]
  collapse lib [/Applications/Xcode.app/Contents/Developer/Toolchains/XcodeDefault.xctoolchain/usr/bin/../lib/clang/6.0/lib/darwin/libclang_rt.osx.a] ==> [/Applications/Xcode.app/Contents/Developer/Toolchains/XcodeDefault.xctoolchain/usr/lib/clang/6.0/lib/darwin/libclang_rt.osx.a]
  collapse library dir [/Users/ndr/Documents/mycode/EasyCNNApp/build/CMakeFiles/CMakeTmp/Debug] ==> [/Users/ndr/Documents/mycode/EasyCNNApp/build/CMakeFiles/CMakeTmp/Debug], skipping non-system directory
  collapse library dir [/Applications/Xcode.app/Contents/Developer/Platforms/MacOSX.platform/Developer/SDKs/MacOSX10.10.sdk/usr/lib] ==> [/Applications/Xcode.app/Contents/Developer/Platforms/MacOSX.platform/Developer/SDKs/MacOSX10.10.sdk/usr/lib]
  collapse framework dir [/Users/ndr/Documents/mycode/EasyCNNApp/build/CMakeFiles/CMakeTmp/Debug] ==> [/Users/ndr/Documents/mycode/EasyCNNApp/build/CMakeFiles/CMakeTmp/Debug], skipping non-system directory
  collapse framework dir [/Applications/Xcode.app/Contents/Developer/Platforms/MacOSX.platform/Developer/SDKs/MacOSX10.10.sdk/System/Library/Frameworks/] ==> [/Applications/Xcode.app/Contents/Developer/Platforms/MacOSX.platform/Developer/SDKs/MacOSX10.10.sdk/System/Library/Frameworks]
  implicit libs: [/Applications/Xcode.app/Contents/Developer/Toolchains/XcodeDefault.xctoolchain/usr/lib/clang/6.0/lib/darwin/libclang_rt.osx.a]
  implicit dirs: [/Applications/Xcode.app/Contents/Developer/Platforms/MacOSX.platform/Developer/SDKs/MacOSX10.10.sdk/usr/lib]
  implicit fwks: [/Applications/Xcode.app/Contents/Developer/Platforms/MacOSX.platform/Developer/SDKs/MacOSX10.10.sdk/System/Library/Frameworks]


Determining if the CXX compiler works passed with the following output:
Change Dir: /Users/ndr/Documents/mycode/EasyCNNApp/build/CMakeFiles/CMakeTmp

Run Build Command:"/opt/local/bin/cmakexbuild" "-project" "CMAKE_TRY_COMPILE.xcodeproj" "build" "-target" "cmTryCompileExec2244115322" "-configuration" "Debug"
=== BUILD TARGET cmTryCompileExec2244115322 OF PROJECT CMAKE_TRY_COMPILE WITH CONFIGURATION Debug ===

Check dependencies

Write auxiliary files
/bin/mkdir -p /Users/ndr/Documents/mycode/EasyCNNApp/build/CMakeFiles/CMakeTmp/CMAKE_TRY_COMPILE.build/Debug/cmTryCompileExec2244115322.build/Objects-normal/x86_64
write-file /Users/ndr/Documents/mycode/EasyCNNApp/build/CMakeFiles/CMakeTmp/CMAKE_TRY_COMPILE.build/Debug/cmTryCompileExec2244115322.build/Objects-normal/x86_64/cmTryCompileExec2244115322.LinkFileList

CompileC CMAKE_TRY_COMPILE.build/Debug/cmTryCompileExec2244115322.build/Objects-normal/x86_64/testCXXCompiler.o testCXXCompiler.cxx normal x86_64 c++ com.apple.compilers.llvm.clang.1_0.compiler
    cd /Users/ndr/Documents/mycode/EasyCNNApp/build/CMakeFiles/CMakeTmp
    export LANG=en_US.US-ASCII
    /Applications/Xcode.app/Contents/Developer/Toolchains/XcodeDefault.xctoolchain/usr/bin/clang -x c++ -arch x86_64 -fmessage-length=0 -fdiagnostics-show-note-include-stack -fmacro-backtrace-limit=0 -Wno-trigraphs -fpascal-strings -O0 -Wno-missing-field-initializers -Wno-missing-prototypes -Wno-return-type -Wno-non-virtual-dtor -Wno-overloaded-virtual -Wno-exit-time-destructors -Wno-missing-braces -Wparentheses -Wswitch -Wno-unused-function -Wno-unused-label -Wno-unused-parameter -Wno-unused-variable -Wunused-value -Wno-empty-body -Wno-uninitialized -Wno-unknown-pragmas -Wno-shadow -Wno-four-char-constants -Wno-conversion -Wno-constant-conversion -Wno-int-conversion -Wno-bool-conversion -Wno-enum-conversion -Wno-shorten-64-to-32 -Wno-newline-eof -Wno-c++11-extensions -DCMAKE_INTDIR=\"Debug\" -isysroot /Applications/Xcode.app/Contents/Developer/Platforms/MacOSX.platform/Developer/SDKs/MacOSX10.10.sdk -fasm-blocks -fstrict-aliasing -Wdeprecated-declarations -Winvalid-offsetof -mmacosx-version-min=10.10 -Wno-sign-conversion -I/Users/ndr/Documents/mycode/EasyCNNApp/build/CMakeFiles/CMakeTmp/Debug/include -I/Applications/Xcode.app/Contents/Developer/Toolchains/XcodeDefault.xctoolchain/usr/include -I/Users/ndr/Documents/mycode/EasyCNNApp/build/CMakeFiles/CMakeTmp/CMAKE_TRY_COMPILE.build/Debug/cmTryCompileExec2244115322.build/DerivedSources/x86_64 -I/Users/ndr/Documents/mycode/EasyCNNApp/build/CMakeFiles/CMakeTmp/CMAKE_TRY_COMPILE.build/Debug/cmTryCompileExec2244115322.build/DerivedSources -Wmost -Wno-four-char-constants -Wno-unknown-pragmas -F/Users/ndr/Documents/mycode/EasyCNNApp/build/CMakeFiles/CMakeTmp/Debug -g -MMD -MT dependencies -MF /Users/ndr/Documents/mycode/EasyCNNApp/build/CMakeFiles/CMakeTmp/CMAKE_TRY_COMPILE.build/Debug/cmTryCompileExec2244115322.build/Objects-normal/x86_64/testCXXCompiler.d --serialize-diagnostics /Users/ndr/Documents/mycode/EasyCNNApp/build/CMakeFiles/CMakeTmp/CMAKE_TRY_COMPILE.build/Debug/cmTryCompileExec2244115322.build/Objects-normal/x86_64/testCXXCompiler.dia -c /Users/ndr/Documents/mycode/EasyCNNApp/build/CMakeFiles/CMakeTmp/testCXXCompiler.cxx -o /Users/ndr/Documents/mycode/EasyCNNApp/build/CMakeFiles/CMakeTmp/CMAKE_TRY_COMPILE.build/Debug/cmTryCompileExec2244115322.build/Objects-normal/x86_64/testCXXCompiler.o

Ld Debug/cmTryCompileExec2244115322 normal x86_64
    cd /Users/ndr/Documents/mycode/EasyCNNApp/build/CMakeFiles/CMakeTmp
    export MACOSX_DEPLOYMENT_TARGET=10.10
    /Applications/Xcode.app/Contents/Developer/Toolchains/XcodeDefault.xctoolchain/usr/bin/clang++ -arch x86_64 -isysroot /Applications/Xcode.app/Contents/Developer/Platforms/MacOSX.platform/Developer/SDKs/MacOSX10.10.sdk -L/Users/ndr/Documents/mycode/EasyCNNApp/build/CMakeFiles/CMakeTmp/Debug -F/Users/ndr/Documents/mycode/EasyCNNApp/build/CMakeFiles/CMakeTmp/Debug -filelist /Users/ndr/Documents/mycode/EasyCNNApp/build/CMakeFiles/CMakeTmp/CMAKE_TRY_COMPILE.build/Debug/cmTryCompileExec2244115322.build/Objects-normal/x86_64/cmTryCompileExec2244115322.LinkFileList -mmacosx-version-min=10.10 -Wl,-search_paths_first -Wl,-headerpad_max_install_names -Xlinker -dependency_info -Xlinker /Users/ndr/Documents/mycode/EasyCNNApp/build/CMakeFiles/CMakeTmp/CMAKE_TRY_COMPILE.build/Debug/cmTryCompileExec2244115322.build/Objects-normal/x86_64/cmTryCompileExec2244115322_dependency_info.dat -o /Users/ndr/Documents/mycode/EasyCNNApp/build/CMakeFiles/CMakeTmp/Debug/cmTryCompileExec2244115322

** BUILD SUCCEEDED **



Detecting CXX compiler ABI info compiled with the following output:
Change Dir: /Users/ndr/Documents/mycode/EasyCNNApp/build/CMakeFiles/CMakeTmp

Run Build Command:"/opt/local/bin/cmakexbuild" "-project" "CMAKE_TRY_COMPILE.xcodeproj" "build" "-target" "cmTryCompileExec3573684593" "-configuration" "Debug"
=== BUILD TARGET cmTryCompileExec3573684593 OF PROJECT CMAKE_TRY_COMPILE WITH CONFIGURATION Debug ===

Check dependencies

Write auxiliary files
/bin/mkdir -p /Users/ndr/Documents/mycode/EasyCNNApp/build/CMakeFiles/CMakeTmp/CMAKE_TRY_COMPILE.build/Debug/cmTryCompileExec3573684593.build/Objects-normal/x86_64
write-file /Users/ndr/Documents/mycode/EasyCNNApp/build/CMakeFiles/CMakeTmp/CMAKE_TRY_COMPILE.build/Debug/cmTryCompileExec3573684593.build/Objects-normal/x86_64/cmTryCompileExec3573684593.LinkFileList

CompileC CMAKE_TRY_COMPILE.build/Debug/cmTryCompileExec3573684593.build/Objects-normal/x86_64/CMakeCXXCompilerABI.o /opt/local/share/cmake-3.1/Modules/CMakeCXXCompilerABI.cpp normal x86_64 c++ com.apple.compilers.llvm.clang.1_0.compiler
    cd /Users/ndr/Documents/mycode/EasyCNNApp/build/CMakeFiles/CMakeTmp
    export LANG=en_US.US-ASCII
    /Applications/Xcode.app/Contents/Developer/Toolchains/XcodeDefault.xctoolchain/usr/bin/clang -x c++ -arch x86_64 -fmessage-length=0 -fdiagnostics-show-note-include-stack -fmacro-backtrace-limit=0 -Wno-trigraphs -fpascal-strings -O0 -Wno-missing-field-initializers -Wno-missing-prototypes -Wno-return-type -Wno-non-virtual-dtor -Wno-overloaded-virtual -Wno-exit-time-destructors -Wno-missing-braces -Wparentheses -Wswitch -Wno-unused-function -Wno-unused-label -Wno-unused-parameter -Wno-unused-variable -Wunused-value -Wno-empty-body -Wno-uninitialized -Wno-unknown-pragmas -Wno-shadow -Wno-four-char-constants -Wno-conversion -Wno-constant-conversion -Wno-int-conversion -Wno-bool-conversion -Wno-enum-conversion -Wno-shorten-64-to-32 -Wno-newline-eof -Wno-c++11-extensions -DCMAKE_INTDIR=\"Debug\" -isysroot /Applications/Xcode.app/Contents/Developer/Platforms/MacOSX.platform/Developer/SDKs/MacOSX10.10.sdk -fasm-blocks -fstrict-aliasing -Wdeprecated-declarations -Winvalid-offsetof -mmacosx-version-min=10.10 -Wno-sign-conversion -I/Users/ndr/Documents/mycode/EasyCNNApp/build/CMakeFiles/CMakeTmp/Debug/include -I/Applications/Xcode.app/Contents/Developer/Toolchains/XcodeDefault.xctoolchain/usr/include -I/Users/ndr/Documents/mycode/EasyCNNApp/build/CMakeFiles/CMakeTmp/CMAKE_TRY_COMPILE.build/Debug/cmTryCompileExec3573684593.build/DerivedSources/x86_64 -I/Users/ndr/Documents/mycode/EasyCNNApp/build/CMakeFiles/CMakeTmp/CMAKE_TRY_COMPILE.build/Debug/cmTryCompileExec3573684593.build/DerivedSources -Wmost -Wno-four-char-constants -Wno-unknown-pragmas -F/Users/ndr/Documents/mycode/EasyCNNApp/build/CMakeFiles/CMakeTmp/Debug -g -MMD -MT dependencies -MF /Users/ndr/Documents/mycode/EasyCNNApp/build/CMakeFiles/CMakeTmp/CMAKE_TRY_COMPILE.build/Debug/cmTryCompileExec3573684593.build/Objects-normal/x86_64/CMakeCXXCompilerABI.d --serialize-diagnostics /Users/ndr/Documents/mycode/EasyCNNApp/build/CMakeFiles/CMakeTmp/CMAKE_TRY_COMPILE.build/Debug/cmTryCompileExec3573684593.build/Objects-normal/x86_64/CMakeCXXCompilerABI.dia -c /opt/local/share/cmake-3.1/Modules/CMakeCXXCompilerABI.cpp -o /Users/ndr/Documents/mycode/EasyCNNApp/build/CMakeFiles/CMakeTmp/CMAKE_TRY_COMPILE.build/Debug/cmTryCompileExec3573684593.build/Objects-normal/x86_64/CMakeCXXCompilerABI.o

Ld Debug/cmTryCompileExec3573684593 normal x86_64
    cd /Users/ndr/Documents/mycode/EasyCNNApp/build/CMakeFiles/CMakeTmp
    export MACOSX_DEPLOYMENT_TARGET=10.10
    /Applications/Xcode.app/Contents/Developer/Toolchains/XcodeDefault.xctoolchain/usr/bin/clang++ -arch x86_64 -isysroot /Applications/Xcode.app/Contents/Developer/Platforms/MacOSX.platform/Developer/SDKs/MacOSX10.10.sdk -L/Users/ndr/Documents/mycode/EasyCNNApp/build/CMakeFiles/CMakeTmp/Debug -F/Users/ndr/Documents/mycode/EasyCNNApp/build/CMakeFiles/CMakeTmp/Debug -filelist /Users/ndr/Documents/mycode/EasyCNNApp/build/CMakeFiles/CMakeTmp/CMAKE_TRY_COMPILE.build/Debug/cmTryCompileExec3573684593.build/Objects-normal/x86_64/cmTryCompileExec3573684593.LinkFileList -mmacosx-version-min=10.10 -v -Wl,-v -Wl,-search_paths_first -Wl,-headerpad_max_install_names -Xlinker -dependency_info -Xlinker /Users/ndr/Documents/mycode/EasyCNNApp/build/CMakeFiles/CMakeTmp/CMAKE_TRY_COMPILE.build/Debug/cmTryCompileExec3573684593.build/Objects-normal/x86_64/cmTryCompileExec3573684593_dependency_info.dat -o /Users/ndr/Documents/mycode/EasyCNNApp/build/CMakeFiles/CMakeTmp/Debug/cmTryCompileExec3573684593
Apple LLVM version 6.0 (clang-600.0.56) (based on LLVM 3.5svn)
Target: x86_64-apple-darwin14.0.0
Thread model: posix
 "/Applications/Xcode.app/Contents/Developer/Toolchains/XcodeDefault.xctoolchain/usr/bin/ld" -demangle -dynamic -arch x86_64 -macosx_version_min 10.10.0 -syslibroot /Applications/Xcode.app/Contents/Developer/Platforms/MacOSX.platform/Developer/SDKs/MacOSX10.10.sdk -o /Users/ndr/Documents/mycode/EasyCNNApp/build/CMakeFiles/CMakeTmp/Debug/cmTryCompileExec3573684593 -L/Users/ndr/Documents/mycode/EasyCNNApp/build/CMakeFiles/CMakeTmp/Debug -filelist /Users/ndr/Documents/mycode/EasyCNNApp/build/CMakeFiles/CMakeTmp/CMAKE_TRY_COMPILE.build/Debug/cmTryCompileExec3573684593.build/Objects-normal/x86_64/cmTryCompileExec3573684593.LinkFileList -v -search_paths_first -headerpad_max_install_names -dependency_info /Users/ndr/Documents/mycode/EasyCNNApp/build/CMakeFiles/CMakeTmp/CMAKE_TRY_COMPILE.build/Debug/cmTryCompileExec3573684593.build/Objects-normal/x86_64/cmTryCompileExec3573684593_dependency_info.dat -lc++ -lSystem /Applications/Xcode.app/Contents/Developer/Toolchains/XcodeDefault.xctoolchain/usr/bin/../lib/clang/6.0/lib/darwin/libclang_rt.osx.a -F/Users/ndr/Documents/mycode/EasyCNNApp/build/CMakeFiles/CMakeTmp/Debug
@(#)PROGRAM:ld  PROJECT:ld64-241.9
configured to support archs: armv6 armv7 armv7s arm64 i386 x86_64 x86_64h armv6m armv7m armv7em
Library search paths:
	/Users/ndr/Documents/mycode/EasyCNNApp/build/CMakeFiles/CMakeTmp/Debug
	/Applications/Xcode.app/Contents/Developer/Platforms/MacOSX.platform/Developer/SDKs/MacOSX10.10.sdk/usr/lib
Framework search paths:
	/Users/ndr/Documents/mycode/EasyCNNApp/build/CMakeFiles/CMakeTmp/Debug
	/Applications/Xcode.app/Contents/Developer/Platforms/MacOSX.platform/Developer/SDKs/MacOSX10.10.sdk/System/Library/Frameworks/

** BUILD SUCCEEDED **



Parsed CXX implicit link information from above output:
  link line regex: [^( *|.*[/\])(ld|([^/\]+-)?ld|collect2)[^/\]*( |$)]
  ignore line: [Change Dir: /Users/ndr/Documents/mycode/EasyCNNApp/build/CMakeFiles/CMakeTmp]
  ignore line: []
  ignore line: [Run Build Command:"/opt/local/bin/cmakexbuild" "-project" "CMAKE_TRY_COMPILE.xcodeproj" "build" "-target" "cmTryCompileExec3573684593" "-configuration" "Debug"]
  ignore line: [=== BUILD TARGET cmTryCompileExec3573684593 OF PROJECT CMAKE_TRY_COMPILE WITH CONFIGURATION Debug ===]
  ignore line: []
  ignore line: [Check dependencies]
  ignore line: []
  ignore line: [Write auxiliary files]
  ignore line: [/bin/mkdir -p /Users/ndr/Documents/mycode/EasyCNNApp/build/CMakeFiles/CMakeTmp/CMAKE_TRY_COMPILE.build/Debug/cmTryCompileExec3573684593.build/Objects-normal/x86_64]
  ignore line: [write-file /Users/ndr/Documents/mycode/EasyCNNApp/build/CMakeFiles/CMakeTmp/CMAKE_TRY_COMPILE.build/Debug/cmTryCompileExec3573684593.build/Objects-normal/x86_64/cmTryCompileExec3573684593.LinkFileList]
  ignore line: []
  ignore line: [CompileC CMAKE_TRY_COMPILE.build/Debug/cmTryCompileExec3573684593.build/Objects-normal/x86_64/CMakeCXXCompilerABI.o /opt/local/share/cmake-3.1/Modules/CMakeCXXCompilerABI.cpp normal x86_64 c++ com.apple.compilers.llvm.clang.1_0.compiler]
  ignore line: [    cd /Users/ndr/Documents/mycode/EasyCNNApp/build/CMakeFiles/CMakeTmp]
  ignore line: [    export LANG=en_US.US-ASCII]
  ignore line: [    /Applications/Xcode.app/Contents/Developer/Toolchains/XcodeDefault.xctoolchain/usr/bin/clang -x c++ -arch x86_64 -fmessage-length=0 -fdiagnostics-show-note-include-stack -fmacro-backtrace-limit=0 -Wno-trigraphs -fpascal-strings -O0 -Wno-missing-field-initializers -Wno-missing-prototypes -Wno-return-type -Wno-non-virtual-dtor -Wno-overloaded-virtual -Wno-exit-time-destructors -Wno-missing-braces -Wparentheses -Wswitch -Wno-unused-function -Wno-unused-label -Wno-unused-parameter -Wno-unused-variable -Wunused-value -Wno-empty-body -Wno-uninitialized -Wno-unknown-pragmas -Wno-shadow -Wno-four-char-constants -Wno-conversion -Wno-constant-conversion -Wno-int-conversion -Wno-bool-conversion -Wno-enum-conversion -Wno-shorten-64-to-32 -Wno-newline-eof -Wno-c++11-extensions -DCMAKE_INTDIR=\"Debug\" -isysroot /Applications/Xcode.app/Contents/Developer/Platforms/MacOSX.platform/Developer/SDKs/MacOSX10.10.sdk -fasm-blocks -fstrict-aliasing -Wdeprecated-declarations -Winvalid-offsetof -mmacosx-version-min=10.10 -Wno-sign-conversion -I/Users/ndr/Documents/mycode/EasyCNNApp/build/CMakeFiles/CMakeTmp/Debug/include -I/Applications/Xcode.app/Contents/Developer/Toolchains/XcodeDefault.xctoolchain/usr/include -I/Users/ndr/Documents/mycode/EasyCNNApp/build/CMakeFiles/CMakeTmp/CMAKE_TRY_COMPILE.build/Debug/cmTryCompileExec3573684593.build/DerivedSources/x86_64 -I/Users/ndr/Documents/mycode/EasyCNNApp/build/CMakeFiles/CMakeTmp/CMAKE_TRY_COMPILE.build/Debug/cmTryCompileExec3573684593.build/DerivedSources -Wmost -Wno-four-char-constants -Wno-unknown-pragmas -F/Users/ndr/Documents/mycode/EasyCNNApp/build/CMakeFiles/CMakeTmp/Debug -g -MMD -MT dependencies -MF /Users/ndr/Documents/mycode/EasyCNNApp/build/CMakeFiles/CMakeTmp/CMAKE_TRY_COMPILE.build/Debug/cmTryCompileExec3573684593.build/Objects-normal/x86_64/CMakeCXXCompilerABI.d --serialize-diagnostics /Users/ndr/Documents/mycode/EasyCNNApp/build/CMakeFiles/CMakeTmp/CMAKE_TRY_COMPILE.build/Debug/cmTryCompileExec3573684593.build/Objects-normal/x86_64/CMakeCXXCompilerABI.dia -c /opt/local/share/cmake-3.1/Modules/CMakeCXXCompilerABI.cpp -o /Users/ndr/Documents/mycode/EasyCNNApp/build/CMakeFiles/CMakeTmp/CMAKE_TRY_COMPILE.build/Debug/cmTryCompileExec3573684593.build/Objects-normal/x86_64/CMakeCXXCompilerABI.o]
  ignore line: []
  ignore line: [Ld Debug/cmTryCompileExec3573684593 normal x86_64]
  ignore line: [    cd /Users/ndr/Documents/mycode/EasyCNNApp/build/CMakeFiles/CMakeTmp]
  ignore line: [    export MACOSX_DEPLOYMENT_TARGET=10.10]
  ignore line: [    /Applications/Xcode.app/Contents/Developer/Toolchains/XcodeDefault.xctoolchain/usr/bin/clang++ -arch x86_64 -isysroot /Applications/Xcode.app/Contents/Developer/Platforms/MacOSX.platform/Developer/SDKs/MacOSX10.10.sdk -L/Users/ndr/Documents/mycode/EasyCNNApp/build/CMakeFiles/CMakeTmp/Debug -F/Users/ndr/Documents/mycode/EasyCNNApp/build/CMakeFiles/CMakeTmp/Debug -filelist /Users/ndr/Documents/mycode/EasyCNNApp/build/CMakeFiles/CMakeTmp/CMAKE_TRY_COMPILE.build/Debug/cmTryCompileExec3573684593.build/Objects-normal/x86_64/cmTryCompileExec3573684593.LinkFileList -mmacosx-version-min=10.10 -v -Wl,-v -Wl,-search_paths_first -Wl,-headerpad_max_install_names -Xlinker -dependency_info -Xlinker /Users/ndr/Documents/mycode/EasyCNNApp/build/CMakeFiles/CMakeTmp/CMAKE_TRY_COMPILE.build/Debug/cmTryCompileExec3573684593.build/Objects-normal/x86_64/cmTryCompileExec3573684593_dependency_info.dat -o /Users/ndr/Documents/mycode/EasyCNNApp/build/CMakeFiles/CMakeTmp/Debug/cmTryCompileExec3573684593]
  ignore line: [Apple LLVM version 6.0 (clang-600.0.56) (based on LLVM 3.5svn)]
  ignore line: [Target: x86_64-apple-darwin14.0.0]
  ignore line: [Thread model: posix]
  reduced line: [ "/Applications/Xcode.app/Contents/Developer/Toolchains/XcodeDefault.xctoolchain/usr/bin/ld" -demangle -dynamic -arch x86_64 -macosx_version_min 10.10.0 -syslibroot /Applications/Xcode.app/Contents/Developer/Platforms/MacOSX.platform/Developer/SDKs/MacOSX10.10.sdk -o /Users/ndr/Documents/mycode/EasyCNNApp/build/CMakeFiles/CMakeTmp/Debug/cmTryCompileExec3573684593 -L/Users/ndr/Documents/mycode/EasyCNNApp/build/CMakeFiles/CMakeTmp/Debug -filelist /Users/ndr/Documents/mycode/EasyCNNApp/build/CMakeFiles/CMakeTmp/CMAKE_TRY_COMPILE.build/Debug/cmTryCompileExec3573684593.build/Objects-normal/x86_64/cmTryCompileExec3573684593.LinkFileList -v -search_paths_first -headerpad_max_install_names -dependency_info /Users/ndr/Documents/mycode/EasyCNNApp/build/CMakeFiles/CMakeTmp/CMAKE_TRY_COMPILE.build/Debug/cmTryCompileExec3573684593.build/Objects-normal/x86_64/cmTryCompileExec3573684593_dependency_info.dat -lc++ -lSystem /Applications/Xcode.app/Contents/Developer/Toolchains/XcodeDefault.xctoolchain/usr/bin/../lib/clang/6.0/lib/darwin/libclang_rt.osx.a -F/Users/ndr/Documents/mycode/EasyCNNApp/build/CMakeFiles/CMakeTmp/Debug]
            to: [ "/Applications/Xcode.app/Contents/Developer/Toolchains/XcodeDefault.xctoolchain/usr/bin/ld" -demangle -dynamic -arch x86_64 -macosx_version_min 10.10.0 -syslibroot /Applications/Xcode.app/Contents/Developer/Platforms/MacOSX.platform/Developer/SDKs/MacOSX10.10.sdk -o /Users/ndr/Documents/mycode/EasyCNNApp/build/CMakeFiles/CMakeTmp/Debug/cmTryCompileExec3573684593 -filelist /Users/ndr/Documents/mycode/EasyCNNApp/build/CMakeFiles/CMakeTmp/CMAKE_TRY_COMPILE.build/Debug/cmTryCompileExec3573684593.build/Objects-normal/x86_64/cmTryCompileExec3573684593.LinkFileList -v -search_paths_first -headerpad_max_install_names -dependency_info /Users/ndr/Documents/mycode/EasyCNNApp/build/CMakeFiles/CMakeTmp/CMAKE_TRY_COMPILE.build/Debug/cmTryCompileExec3573684593.build/Objects-normal/x86_64/cmTryCompileExec3573684593_dependency_info.dat -lc++ -lSystem /Applications/Xcode.app/Contents/Developer/Toolchains/XcodeDefault.xctoolchain/usr/bin/../lib/clang/6.0/lib/darwin/libclang_rt.osx.a ]
  link line: [ "/Applications/Xcode.app/Contents/Developer/Toolchains/XcodeDefault.xctoolchain/usr/bin/ld" -demangle -dynamic -arch x86_64 -macosx_version_min 10.10.0 -syslibroot /Applications/Xcode.app/Contents/Developer/Platforms/MacOSX.platform/Developer/SDKs/MacOSX10.10.sdk -o /Users/ndr/Documents/mycode/EasyCNNApp/build/CMakeFiles/CMakeTmp/Debug/cmTryCompileExec3573684593 -filelist /Users/ndr/Documents/mycode/EasyCNNApp/build/CMakeFiles/CMakeTmp/CMAKE_TRY_COMPILE.build/Debug/cmTryCompileExec3573684593.build/Objects-normal/x86_64/cmTryCompileExec3573684593.LinkFileList -v -search_paths_first -headerpad_max_install_names -dependency_info /Users/ndr/Documents/mycode/EasyCNNApp/build/CMakeFiles/CMakeTmp/CMAKE_TRY_COMPILE.build/Debug/cmTryCompileExec3573684593.build/Objects-normal/x86_64/cmTryCompileExec3573684593_dependency_info.dat -lc++ -lSystem /Applications/Xcode.app/Contents/Developer/Toolchains/XcodeDefault.xctoolchain/usr/bin/../lib/clang/6.0/lib/darwin/libclang_rt.osx.a ]
    arg [/Applications/Xcode.app/Contents/Developer/Toolchains/XcodeDefault.xctoolchain/usr/bin/ld] ==> ignore
    arg [-demangle] ==> ignore
    arg [-dynamic] ==> ignore
    arg [-arch] ==> ignore
    arg [x86_64] ==> ignore
    arg [-macosx_version_min] ==> ignore
    arg [10.10.0] ==> ignore
    arg [-syslibroot] ==> ignore
    arg [/Applications/Xcode.app/Contents/Developer/Platforms/MacOSX.platform/Developer/SDKs/MacOSX10.10.sdk] ==> ignore
    arg [-o] ==> ignore
    arg [/Users/ndr/Documents/mycode/EasyCNNApp/build/CMakeFiles/CMakeTmp/Debug/cmTryCompileExec3573684593] ==> ignore
    arg [-filelist] ==> ignore
    arg [/Users/ndr/Documents/mycode/EasyCNNApp/build/CMakeFiles/CMakeTmp/CMAKE_TRY_COMPILE.build/Debug/cmTryCompileExec3573684593.build/Objects-normal/x86_64/cmTryCompileExec3573684593.LinkFileList] ==> ignore
    arg [-v] ==> ignore
    arg [-search_paths_first] ==> ignore
    arg [-headerpad_max_install_names] ==> ignore
    arg [-dependency_info] ==> ignore
    arg [/Users/ndr/Documents/mycode/EasyCNNApp/build/CMakeFiles/CMakeTmp/CMAKE_TRY_COMPILE.build/Debug/cmTryCompileExec3573684593.build/Objects-normal/x86_64/cmTryCompileExec3573684593_dependency_info.dat] ==> ignore
    arg [-lc++] ==> lib [c++]
    arg [-lSystem] ==> lib [System]
    arg [/Applications/Xcode.app/Contents/Developer/Toolchains/XcodeDefault.xctoolchain/usr/bin/../lib/clang/6.0/lib/darwin/libclang_rt.osx.a] ==> lib [/Applications/Xcode.app/Contents/Developer/Toolchains/XcodeDefault.xctoolchain/usr/bin/../lib/clang/6.0/lib/darwin/libclang_rt.osx.a]
  Library search paths: [;/Users/ndr/Documents/mycode/EasyCNNApp/build/CMakeFiles/CMakeTmp/Debug;/Applications/Xcode.app/Contents/Developer/Platforms/MacOSX.platform/Developer/SDKs/MacOSX10.10.sdk/usr/lib]
  Framework search paths: [;/Users/ndr/Documents/mycode/EasyCNNApp/build/CMakeFiles/CMakeTmp/Debug;/Applications/Xcode.app/Contents/Developer/Platforms/MacOSX.platform/Developer/SDKs/MacOSX10.10.sdk/System/Library/Frameworks/]
  remove lib [System]
  collapse lib [/Applications/Xcode.app/Contents/Developer/Toolchains/XcodeDefault.xctoolchain/usr/bin/../lib/clang/6.0/lib/darwin/libclang_rt.osx.a] ==> [/Applications/Xcode.app/Contents/Developer/Toolchains/XcodeDefault.xctoolchain/usr/lib/clang/6.0/lib/darwin/libclang_rt.osx.a]
  collapse library dir [/Users/ndr/Documents/mycode/EasyCNNApp/build/CMakeFiles/CMakeTmp/Debug] ==> [/Users/ndr/Documents/mycode/EasyCNNApp/build/CMakeFiles/CMakeTmp/Debug], skipping non-system directory
  collapse library dir [/Applications/Xcode.app/Contents/Developer/Platforms/MacOSX.platform/Developer/SDKs/MacOSX10.10.sdk/usr/lib] ==> [/Applications/Xcode.app/Contents/Developer/Platforms/MacOSX.platform/Developer/SDKs/MacOSX10.10.sdk/usr/lib]
  collapse framework dir [/Users/ndr/Documents/mycode/EasyCNNApp/build/CMakeFiles/CMakeTmp/Debug] ==> [/Users/ndr/Documents/mycode/EasyCNNApp/build/CMakeFiles/CMakeTmp/Debug], skipping non-system directory
  collapse framework dir [/Applications/Xcode.app/Contents/Developer/Platforms/MacOSX.platform/Developer/SDKs/MacOSX10.10.sdk/System/Library/Frameworks/] ==> [/Applications/Xcode.app/Contents/Developer/Platforms/MacOSX.platform/Developer/SDKs/MacOSX10.10.sdk/System/Library/Frameworks]
  implicit libs: [c++;/Applications/Xcode.app/Contents/Developer/Toolchains/XcodeDefault.xctoolchain/usr/lib/clang/6.0/lib/darwin/libclang_rt.osx.a]
  implicit dirs: [/Applications/Xcode.app/Contents/Developer/Platforms/MacOSX.platform/Developer/SDKs/MacOSX10.10.sdk/usr/lib]
  implicit fwks: [/Applications/Xcode.app/Contents/Developer/Platforms/MacOSX.platform/Developer/SDKs/MacOSX10.10.sdk/System/Library/Frameworks]


Determining if files pthread.h exist passed with the following output:
Change Dir: /Users/ndr/Documents/mycode/EasyCNNApp/build/CMakeFiles/CMakeTmp

Run Build Command:"/opt/local/bin/cmakexbuild" "-project" "CMAKE_TRY_COMPILE.xcodeproj" "build" "-target" "cmTryCompileExec2307348749" "-configuration" "Debug"
=== BUILD TARGET cmTryCompileExec2307348749 OF PROJECT CMAKE_TRY_COMPILE WITH CONFIGURATION Debug ===

Check dependencies

Write auxiliary files
/bin/mkdir -p /Users/ndr/Documents/mycode/EasyCNNApp/build/CMakeFiles/CMakeTmp/CMAKE_TRY_COMPILE.build/Debug/cmTryCompileExec2307348749.build/Objects-normal/x86_64
write-file /Users/ndr/Documents/mycode/EasyCNNApp/build/CMakeFiles/CMakeTmp/CMAKE_TRY_COMPILE.build/Debug/cmTryCompileExec2307348749.build/Objects-normal/x86_64/cmTryCompileExec2307348749.LinkFileList

CompileC CMAKE_TRY_COMPILE.build/Debug/cmTryCompileExec2307348749.build/Objects-normal/x86_64/CheckIncludeFiles.o CheckIncludeFiles.c normal x86_64 c com.apple.compilers.llvm.clang.1_0.compiler
    cd /Users/ndr/Documents/mycode/EasyCNNApp/build/CMakeFiles/CMakeTmp
    export LANG=en_US.US-ASCII
    /Applications/Xcode.app/Contents/Developer/Toolchains/XcodeDefault.xctoolchain/usr/bin/clang -x c -arch x86_64 -fmessage-length=0 -fdiagnostics-show-note-include-stack -fmacro-backtrace-limit=0 -Wno-trigraphs -fpascal-strings -O0 -Wno-missing-field-initializers -Wno-missing-prototypes -Wno-return-type -Wno-missing-braces -Wparentheses -Wswitch -Wno-unused-function -Wno-unused-label -Wno-unused-parameter -Wno-unused-variable -Wunused-value -Wno-empty-body -Wno-uninitialized -Wno-unknown-pragmas -Wno-shadow -Wno-four-char-constants -Wno-conversion -Wno-constant-conversion -Wno-int-conversion -Wno-bool-conversion -Wno-enum-conversion -Wno-shorten-64-to-32 -Wpointer-sign -Wno-newline-eof -DCMAKE_INTDIR=\"Debug\" -isysroot /Applications/Xcode.app/Contents/Developer/Platforms/MacOSX.platform/Developer/SDKs/MacOSX10.10.sdk -fasm-blocks -fstrict-aliasing -Wdeprecated-declarations -mmacosx-version-min=10.10 -g -Wno-sign-conversion -I/Users/ndr/Documents/mycode/EasyCNNApp/build/CMakeFiles/CMakeTmp/Debug/include -I/Applications/Xcode.app/Contents/Developer/Toolchains/XcodeDefault.xctoolchain/usr/include -I/Users/ndr/Documents/mycode/EasyCNNApp/build/CMakeFiles/CMakeTmp/CMAKE_TRY_COMPILE.build/Debug/cmTryCompileExec2307348749.build/DerivedSources/x86_64 -I/Users/ndr/Documents/mycode/EasyCNNApp/build/CMakeFiles/CMakeTmp/CMAKE_TRY_COMPILE.build/Debug/cmTryCompileExec2307348749.build/DerivedSources -Wmost -Wno-four-char-constants -Wno-unknown-pragmas -F/Users/ndr/Documents/mycode/EasyCNNApp/build/CMakeFiles/CMakeTmp/Debug -MMD -MT dependencies -MF /Users/ndr/Documents/mycode/EasyCNNApp/build/CMakeFiles/CMakeTmp/CMAKE_TRY_COMPILE.build/Debug/cmTryCompileExec2307348749.build/Objects-normal/x86_64/CheckIncludeFiles.d --serialize-diagnostics /Users/ndr/Documents/mycode/EasyCNNApp/build/CMakeFiles/CMakeTmp/CMAKE_TRY_COMPILE.build/Debug/cmTryCompileExec2307348749.build/Objects-normal/x86_64/CheckIncludeFiles.dia -c /Users/ndr/Documents/mycode/EasyCNNApp/build/CMakeFiles/CMakeTmp/CheckIncludeFiles.c -o /Users/ndr/Documents/mycode/EasyCNNApp/build/CMakeFiles/CMakeTmp/CMAKE_TRY_COMPILE.build/Debug/cmTryCompileExec2307348749.build/Objects-normal/x86_64/CheckIncludeFiles.o

Ld Debug/cmTryCompileExec2307348749 normal x86_64
    cd /Users/ndr/Documents/mycode/EasyCNNApp/build/CMakeFiles/CMakeTmp
    export MACOSX_DEPLOYMENT_TARGET=10.10
    /Applications/Xcode.app/Contents/Developer/Toolchains/XcodeDefault.xctoolchain/usr/bin/clang -arch x86_64 -isysroot /Applications/Xcode.app/Contents/Developer/Platforms/MacOSX.platform/Developer/SDKs/MacOSX10.10.sdk -L/Users/ndr/Documents/mycode/EasyCNNApp/build/CMakeFiles/CMakeTmp/Debug -F/Users/ndr/Documents/mycode/EasyCNNApp/build/CMakeFiles/CMakeTmp/Debug -filelist /Users/ndr/Documents/mycode/EasyCNNApp/build/CMakeFiles/CMakeTmp/CMAKE_TRY_COMPILE.build/Debug/cmTryCompileExec2307348749.build/Objects-normal/x86_64/cmTryCompileExec2307348749.LinkFileList -mmacosx-version-min=10.10 -Wl,-search_paths_first -Wl,-headerpad_max_install_names -Xlinker -dependency_info -Xlinker /Users/ndr/Documents/mycode/EasyCNNApp/build/CMakeFiles/CMakeTmp/CMAKE_TRY_COMPILE.build/Debug/cmTryCompileExec2307348749.build/Objects-normal/x86_64/cmTryCompileExec2307348749_dependency_info.dat -o /Users/ndr/Documents/mycode/EasyCNNApp/build/CMakeFiles/CMakeTmp/Debug/cmTryCompileExec2307348749

** BUILD SUCCEEDED **



Determining if the pthread_create exist passed with the following output:
Change Dir: /Users/ndr/Documents/mycode/EasyCNNApp/build/CMakeFiles/CMakeTmp

Run Build Command:"/opt/local/bin/cmakexbuild" "-project" "CMAKE_TRY_COMPILE.xcodeproj" "build" "-target" "cmTryCompileExec3277571780" "-configuration" "Debug"
=== BUILD TARGET cmTryCompileExec3277571780 OF PROJECT CMAKE_TRY_COMPILE WITH CONFIGURATION Debug ===

Check dependencies

Write auxiliary files
/bin/mkdir -p /Users/ndr/Documents/mycode/EasyCNNApp/build/CMakeFiles/CMakeTmp/CMAKE_TRY_COMPILE.build/Debug/cmTryCompileExec3277571780.build/Objects-normal/x86_64
write-file /Users/ndr/Documents/mycode/EasyCNNApp/build/CMakeFiles/CMakeTmp/CMAKE_TRY_COMPILE.build/Debug/cmTryCompileExec3277571780.build/Objects-normal/x86_64/cmTryCompileExec3277571780.LinkFileList

CompileC CMAKE_TRY_COMPILE.build/Debug/cmTryCompileExec3277571780.build/Objects-normal/x86_64/CheckSymbolExists.o CheckSymbolExists.c normal x86_64 c com.apple.compilers.llvm.clang.1_0.compiler
    cd /Users/ndr/Documents/mycode/EasyCNNApp/build/CMakeFiles/CMakeTmp
    export LANG=en_US.US-ASCII
    /Applications/Xcode.app/Contents/Developer/Toolchains/XcodeDefault.xctoolchain/usr/bin/clang -x c -arch x86_64 -fmessage-length=0 -fdiagnostics-show-note-include-stack -fmacro-backtrace-limit=0 -Wno-trigraphs -fpascal-strings -O0 -Wno-missing-field-initializers -Wno-missing-prototypes -Wno-return-type -Wno-missing-braces -Wparentheses -Wswitch -Wno-unused-function -Wno-unused-label -Wno-unused-parameter -Wno-unused-variable -Wunused-value -Wno-empty-body -Wno-uninitialized -Wno-unknown-pragmas -Wno-shadow -Wno-four-char-constants -Wno-conversion -Wno-constant-conversion -Wno-int-conversion -Wno-bool-conversion -Wno-enum-conversion -Wno-shorten-64-to-32 -Wpointer-sign -Wno-newline-eof -DCMAKE_INTDIR=\"Debug\" -isysroot /Applications/Xcode.app/Contents/Developer/Platforms/MacOSX.platform/Developer/SDKs/MacOSX10.10.sdk -fasm-blocks -fstrict-aliasing -Wdeprecated-declarations -mmacosx-version-min=10.10 -g -Wno-sign-conversion -I/Users/ndr/Documents/mycode/EasyCNNApp/build/CMakeFiles/CMakeTmp/Debug/include -I/Applications/Xcode.app/Contents/Developer/Toolchains/XcodeDefault.xctoolchain/usr/include -I/Users/ndr/Documents/mycode/EasyCNNApp/build/CMakeFiles/CMakeTmp/CMAKE_TRY_COMPILE.build/Debug/cmTryCompileExec3277571780.build/DerivedSources/x86_64 -I/Users/ndr/Documents/mycode/EasyCNNApp/build/CMakeFiles/CMakeTmp/CMAKE_TRY_COMPILE.build/Debug/cmTryCompileExec3277571780.build/DerivedSources -Wmost -Wno-four-char-constants -Wno-unknown-pragmas -F/Users/ndr/Documents/mycode/EasyCNNApp/build/CMakeFiles/CMakeTmp/Debug -MMD -MT dependencies -MF /Users/ndr/Documents/mycode/EasyCNNApp/build/CMakeFiles/CMakeTmp/CMAKE_TRY_COMPILE.build/Debug/cmTryCompileExec3277571780.build/Objects-normal/x86_64/CheckSymbolExists.d --serialize-diagnostics /Users/ndr/Documents/mycode/EasyCNNApp/build/CMakeFiles/CMakeTmp/CMAKE_TRY_COMPILE.build/Debug/cmTryCompileExec3277571780.build/Objects-normal/x86_64/CheckSymbolExists.dia -c /Users/ndr/Documents/mycode/EasyCNNApp/build/CMakeFiles/CMakeTmp/CheckSymbolExists.c -o /Users/ndr/Documents/mycode/EasyCNNApp/build/CMakeFiles/CMakeTmp/CMAKE_TRY_COMPILE.build/Debug/cmTryCompileExec3277571780.build/Objects-normal/x86_64/CheckSymbolExists.o

Ld Debug/cmTryCompileExec3277571780 normal x86_64
    cd /Users/ndr/Documents/mycode/EasyCNNApp/build/CMakeFiles/CMakeTmp
    export MACOSX_DEPLOYMENT_TARGET=10.10
    /Applications/Xcode.app/Contents/Developer/Toolchains/XcodeDefault.xctoolchain/usr/bin/clang -arch x86_64 -isysroot /Applications/Xcode.app/Contents/Developer/Platforms/MacOSX.platform/Developer/SDKs/MacOSX10.10.sdk -L/Users/ndr/Documents/mycode/EasyCNNApp/build/CMakeFiles/CMakeTmp/Debug -F/Users/ndr/Documents/mycode/EasyCNNApp/build/CMakeFiles/CMakeTmp/Debug -filelist /Users/ndr/Documents/mycode/EasyCNNApp/build/CMakeFiles/CMakeTmp/CMAKE_TRY_COMPILE.build/Debug/cmTryCompileExec3277571780.build/Objects-normal/x86_64/cmTryCompileExec3277571780.LinkFileList -mmacosx-version-min=10.10 -Wl,-search_paths_first -Wl,-headerpad_max_install_names -Xlinker -dependency_info -Xlinker /Users/ndr/Documents/mycode/EasyCNNApp/build/CMakeFiles/CMakeTmp/CMAKE_TRY_COMPILE.build/Debug/cmTryCompileExec3277571780.build/Objects-normal/x86_64/cmTryCompileExec3277571780_dependency_info.dat -o /Users/ndr/Documents/mycode/EasyCNNApp/build/CMakeFiles/CMakeTmp/Debug/cmTryCompileExec3277571780

** BUILD SUCCEEDED **


File /Users/ndr/Documents/mycode/EasyCNNApp/build/CMakeFiles/CMakeTmp/CheckSymbolExists.c:
/* */
#include <pthread.h>

int main(int argc, char** argv)
{
  (void)argv;
#ifndef pthread_create
  return ((int*)(&pthread_create))[argc];
#else
  (void)argc;
  return 0;
#endif
}

